<?xml version="1.0" encoding="UTF-8"?>
<!-- Generated by org.testng.reporters.JUnitXMLReporter -->
<testsuite ignored="4" hostname="hdc3-l-2TS4JG3" failures="1" tests="7" name="Regression" time="77.204" errors="0" timestamp="2023-11-11T13:04:32 IST">
  <testcase classname="baseTest.BaseTest" name="@BeforeMethod beforeMethod" time="0.001">
    <failure type="java.lang.NullPointerException" message="Cannot invoke &amp;quot;com.aventstack.extentreports.ExtentReports.createTest(String)&amp;quot; because &amp;quot;this.extent&amp;quot; is null">
      <![CDATA[java.lang.NullPointerException: Cannot invoke "com.aventstack.extentreports.ExtentReports.createTest(String)" because "this.extent" is null
at baseTest.BaseTest.beforeMethod(BaseTest.java:54)
at java.base/java.util.ArrayList.forEach(ArrayList.java:1511)
... Removed 31 stack frames]]>
    </failure>
  </testcase> <!-- @BeforeMethod beforeMethod -->
  <testcase classname="baseTest.BaseTest" name="@AfterMethod afterMethod" time="0.0">
    <skipped/>
  </testcase> <!-- @AfterMethod afterMethod -->
  <testcase classname="baseTest.BaseTest" name="@BeforeMethod beforeMethod" time="0.0">
    <skipped/>
  </testcase> <!-- @BeforeMethod beforeMethod -->
  <testcase classname="baseTest.BaseTest" name="@AfterMethod afterMethod" time="0.0">
    <skipped/>
  </testcase> <!-- @AfterMethod afterMethod -->
  <testcase classname="baseTest.BaseTest" name="@BeforeMethod beforeMethod" time="0.001">
    <failure type="java.lang.NullPointerException" message="Cannot invoke &amp;quot;com.aventstack.extentreports.ExtentReports.createTest(String)&amp;quot; because &amp;quot;this.extent&amp;quot; is null">
      <![CDATA[java.lang.NullPointerException: Cannot invoke "com.aventstack.extentreports.ExtentReports.createTest(String)" because "this.extent" is null
at baseTest.BaseTest.beforeMethod(BaseTest.java:54)
at java.base/java.util.ArrayList.forEach(ArrayList.java:1511)
... Removed 31 stack frames]]>
    </failure>
  </testcase> <!-- @BeforeMethod beforeMethod -->
  <testcase classname="baseTest.BaseTest" name="@AfterMethod afterMethod" time="0.0">
    <skipped/>
  </testcase> <!-- @AfterMethod afterMethod -->
  <testcase classname="qa.tests.Testcase0" name="googlePagetest01" time="0.049"/>
  <testcase classname="qa.tests.Testcase0" name="googlePagetest02" time="0.033"/>
  <testcase classname="qa.tests.Testcase0" name="verifySignInButton" time="20.059">
    <skipped/>
  </testcase> <!-- verifySignInButton -->
  <testcase classname="qa.tests.Testcase0" name="verifySignInButton" time="20.078">
    <failure type="org.openqa.selenium.NoSuchElementException" message="no such element: Unable to locate element: {&amp;quot;method&amp;quot;:&amp;quot;xpath&amp;quot;,&amp;quot;selector&amp;quot;:&amp;quot;//span[normalize-space()=&amp;apos;Log In&amp;apos;]&amp;quot;}
  (Session info: MicrosoftEdge=119.0.2151.44)
For documentation on this error, please visit: https://selenium.dev/exceptions/#no_such_element
Build info: version: &amp;apos;4.8.3&amp;apos;, revision: &amp;apos;e5e76298c3&amp;apos;
System info: os.name: &amp;apos;Windows 11&amp;apos;, os.arch: &amp;apos;amd64&amp;apos;, os.version: &amp;apos;10.0&amp;apos;, java.version: &amp;apos;17.0.8.1&amp;apos;
Driver info: org.openqa.selenium.edge.EdgeDriver
Command: [e58399903bd243b47ddb2281edd063ed, findElement {using=xpath, value=//span[normalize-space()=&amp;apos;Log In&amp;apos;]}]
Capabilities {acceptInsecureCerts: false, browserName: msedge, browserVersion: 119.0.2151.44, fedcm:accounts: true, ms:edgeOptions: {debuggerAddress: localhost:51405}, msedge: {msedgedriverVersion: 119.0.2151.58 (33e26e7eb4fb..., userDataDir: C:\windows\SystemTemp\scope...}, networkConnectionEnabled: false, pageLoadStrategy: normal, platformName: WINDOWS, proxy: Proxy(), se:cdp: ws://localhost:51405/devtoo..., se:cdpVersion: 119.0.2151.44, setWindowRect: true, strictFileInteractability: false, timeouts: {implicit: 0, pageLoad: 300000, script: 30000}, unhandledPromptBehavior: dismiss and notify, webauthn:extension:credBlob: true, webauthn:extension:largeBlob: true, webauthn:extension:minPinLength: true, webauthn:extension:prf: true, webauthn:virtualAuthenticators: true}
Session ID: e58399903bd243b47ddb2281edd063ed">
      <![CDATA[org.openqa.selenium.NoSuchElementException: no such element: Unable to locate element: {"method":"xpath","selector":"//span[normalize-space()='Log In']"}
  (Session info: MicrosoftEdge=119.0.2151.44)
For documentation on this error, please visit: https://selenium.dev/exceptions/#no_such_element
Build info: version: '4.8.3', revision: 'e5e76298c3'
System info: os.name: 'Windows 11', os.arch: 'amd64', os.version: '10.0', java.version: '17.0.8.1'
Driver info: org.openqa.selenium.edge.EdgeDriver
Command: [e58399903bd243b47ddb2281edd063ed, findElement {using=xpath, value=//span[normalize-space()='Log In']}]
Capabilities {acceptInsecureCerts: false, browserName: msedge, browserVersion: 119.0.2151.44, fedcm:accounts: true, ms:edgeOptions: {debuggerAddress: localhost:51405}, msedge: {msedgedriverVersion: 119.0.2151.58 (33e26e7eb4fb..., userDataDir: C:\windows\SystemTemp\scope...}, networkConnectionEnabled: false, pageLoadStrategy: normal, platformName: WINDOWS, proxy: Proxy(), se:cdp: ws://localhost:51405/devtoo..., se:cdpVersion: 119.0.2151.44, setWindowRect: true, strictFileInteractability: false, timeouts: {implicit: 0, pageLoad: 300000, script: 30000}, unhandledPromptBehavior: dismiss and notify, webauthn:extension:credBlob: true, webauthn:extension:largeBlob: true, webauthn:extension:minPinLength: true, webauthn:extension:prf: true, webauthn:virtualAuthenticators: true}
Session ID: e58399903bd243b47ddb2281edd063ed
at org.openqa.selenium.remote.codec.w3c.W3CHttpResponseCodec.createException(W3CHttpResponseCodec.java:200)
at org.openqa.selenium.remote.codec.w3c.W3CHttpResponseCodec.decode(W3CHttpResponseCodec.java:133)
at org.openqa.selenium.remote.codec.w3c.W3CHttpResponseCodec.decode(W3CHttpResponseCodec.java:53)
at org.openqa.selenium.remote.HttpCommandExecutor.execute(HttpCommandExecutor.java:193)
at org.openqa.selenium.remote.service.DriverCommandExecutor.invokeExecute(DriverCommandExecutor.java:183)
at org.openqa.selenium.remote.service.DriverCommandExecutor.execute(DriverCommandExecutor.java:158)
at org.openqa.selenium.remote.RemoteWebDriver.execute(RemoteWebDriver.java:543)
at org.openqa.selenium.remote.ElementLocation$ElementFinder$2.findElement(ElementLocation.java:162)
at org.openqa.selenium.remote.ElementLocation.findElement(ElementLocation.java:60)
at org.openqa.selenium.remote.RemoteWebDriver.findElement(RemoteWebDriver.java:352)
at org.openqa.selenium.remote.RemoteWebDriver.findElement(RemoteWebDriver.java:344)
at utils.ElementFetch.getWebElement(ElementFetch.java:16)
at pageEvents.HomePageEvents.signInButton(HomePageEvents.java:21)
at qa.tests.Testcase0.verifySignInButton(Testcase0.java:17)
at java.base/java.util.ArrayList.forEach(ArrayList.java:1511)
... Removed 32 stack frames]]>
    </failure>
  </testcase> <!-- verifySignInButton -->
  <testcase classname="qa.tests.Testcase1" name="testMethod03" time="0.0">
    <skipped/>
  </testcase> <!-- testMethod03 -->
  <testcase classname="qa.tests.Testcase1" name="testMethod04" time="0.0">
    <skipped/>
  </testcase> <!-- testMethod04 -->
  <testcase classname="qa.tests.Testcase2" name="TCP_379_testMethod06" time="0.0">
    <skipped/>
  </testcase> <!-- TCP_379_testMethod06 -->
  <testcase classname="baseTest.BaseTest" name="@BeforeTest beforeTestMethod" time="0.0">
    <ignored/>
  </testcase> <!-- @BeforeTest beforeTestMethod -->
  <testcase classname="baseTest.BaseTest" name="@AfterTest afterTest" time="0.0">
    <ignored/>
  </testcase> <!-- @AfterTest afterTest -->
  <testcase classname="baseTest.BaseTest" name="@AfterTest afterTest" time="0.0">
    <ignored/>
  </testcase> <!-- @AfterTest afterTest -->
  <testcase classname="baseTest.BaseTest" name="@BeforeTest beforeTestMethod" time="0.0">
    <ignored/>
  </testcase> <!-- @BeforeTest beforeTestMethod -->
</testsuite> <!-- Regression -->
